<?xml version="1.0" encoding="UTF-8"?>
<testng-results skipped="0" failed="0" ignored="0" total="3" passed="3">
  <reporter-output>
  </reporter-output>
  <suite name="Default suite" duration-ms="63103" started-at="2020-04-03T00:25:11Z" finished-at="2020-04-03T00:26:14Z">
    <groups>
    </groups>
    <test name="Default test" duration-ms="63103" started-at="2020-04-03T00:25:11Z" finished-at="2020-04-03T00:26:14Z">
      <class name="Automation.demo.maven.automationpractice.orderPlacement">
        <test-method status="PASS" signature="LaunchWebsite()[pri:0, instance:Automation.demo.maven.automationpractice.orderPlacement@5e5792a0]" name="LaunchWebsite" is-config="true" duration-ms="14171" started-at="2020-04-03T00:25:11Z" finished-at="2020-04-03T00:25:25Z">
          <reporter-output>
          </reporter-output>
        </test-method> <!-- LaunchWebsite -->
        <test-method status="PASS" signature="login()[pri:1, instance:Automation.demo.maven.automationpractice.orderPlacement@5e5792a0]" name="login" duration-ms="14662" started-at="2020-04-03T00:25:25Z" finished-at="2020-04-03T00:25:40Z">
          <reporter-output>
          </reporter-output>
        </test-method> <!-- login -->
        <test-method status="PASS" signature="myOrderPlacement()[pri:2, instance:Automation.demo.maven.automationpractice.orderPlacement@5e5792a0]" name="myOrderPlacement" duration-ms="26142" started-at="2020-04-03T00:25:40Z" finished-at="2020-04-03T00:26:06Z">
          <reporter-output>
          </reporter-output>
        </test-method> <!-- myOrderPlacement -->
        <test-method status="PASS" signature="orderVerification()[pri:3, instance:Automation.demo.maven.automationpractice.orderPlacement@5e5792a0]" name="orderVerification" duration-ms="2872" started-at="2020-04-03T00:26:06Z" finished-at="2020-04-03T00:26:09Z">
          <reporter-output>
          </reporter-output>
        </test-method> <!-- orderVerification -->
        <test-method status="PASS" signature="closeBrowser()[pri:0, instance:Automation.demo.maven.automationpractice.orderPlacement@5e5792a0]" name="closeBrowser" is-config="true" duration-ms="5233" started-at="2020-04-03T00:26:09Z" finished-at="2020-04-03T00:26:14Z">
          <reporter-output>
          </reporter-output>
        </test-method> <!-- closeBrowser -->
      </class> <!-- Automation.demo.maven.automationpractice.orderPlacement -->
    </test> <!-- Default test -->
  </suite> <!-- Default suite -->
</testng-results>
