<?xml version="1.0" encoding="UTF-8"?>
<!-- Generated by org.testng.reporters.JUnitXMLReporter -->
<testsuite hostname="laptop-PC" ignored="0" name="Default test" tests="3" failures="0" timestamp="03 Apr 2020 00:26:14 GMT" time="63.103" errors="0">
  <testcase name="login" time="14.662" classname="Automation.demo.maven.automationpractice.orderPlacement"/>
  <testcase name="myOrderPlacement" time="26.142" classname="Automation.demo.maven.automationpractice.orderPlacement"/>
  <testcase name="orderVerification" time="2.872" classname="Automation.demo.maven.automationpractice.orderPlacement"/>
</testsuite> <!-- Default test -->
